[    0.000000] Linux version 4.15.0-167-generic (buildd@lcy02-amd64-045) (gcc version 7.5.0 (Ubuntu 7.5.0-3ubuntu1~18.04)) #175-Ubuntu SMP Wed Jan 5 01:56:07 UTC 2022 (Ubuntu 4.15.0-167.175-generic 4.15.18)
[    0.000000] Command line: BOOT_IMAGE=/boot/vmlinuz-4.15.0-167-generic root=LABEL=cloudimg-rootfs ro console=tty1 console=ttyS0
[    0.000000] KERNEL supported cpus:
[    0.000000]   Intel GenuineIntel
[    0.000000]   AMD AuthenticAMD
[    0.000000]   Centaur CentaurHauls
[    0.000000] x86/fpu: x87 FPU will use FXSAVE
[    0.000000] e820: BIOS-provided physical RAM map:
[    0.000000] BIOS-e820: [mem 0x0000000000000000-0x000000000009fbff] usable
[    0.000000] BIOS-e820: [mem 0x000000000009fc00-0x000000000009ffff] reserved
[    0.000000] BIOS-e820: [mem 0x00000000000f0000-0x00000000000fffff] reserved
[    0.000000] BIOS-e820: [mem 0x0000000000100000-0x000000003ffeffff] usable
[    0.000000] BIOS-e820: [mem 0x000000003fff0000-0x000000003fffffff] ACPI data
[    0.000000] BIOS-e820: [mem 0x00000000fec00000-0x00000000fec00fff] reserved
[    0.000000] BIOS-e820: [mem 0x00000000fee00000-0x00000000fee00fff] reserved
[    0.000000] BIOS-e820: [mem 0x00000000fffc0000-0x00000000ffffffff] reserved
[    0.000000] NX (Execute Disable) protection: active
[    0.000000] SMBIOS 2.5 present.
[    0.000000] DMI: innotek GmbH VirtualBox/VirtualBox, BIOS VirtualBox 12/01/2006
[    0.000000] Hypervisor detected: KVM
[    0.000000] e820: last_pfn = 0x3fff0 max_arch_pfn = 0x400000000
[    0.000000] MTRR: Disabled
[    0.000000] x86/PAT: MTRRs disabled, skipping PAT initialization too.
[    0.000000] CPU MTRRs all blank - virtualized system.
[    0.000000] x86/PAT: Configuration [0-7]: WB  WT  UC- UC  WB  WT  UC- UC  
[    0.000000] found SMP MP-table at [mem 0x0009fff0-0x0009ffff]
[    0.000000] Scanning 1 areas for low memory corruption
[    0.000000] RAMDISK: [mem 0x359cd000-0x36cddfff]
[    0.000000] ACPI: Early table checksum verification disabled
[    0.000000] ACPI: RSDP 0x00000000000E0000 000024 (v02 VBOX  )
[    0.000000] ACPI: XSDT 0x000000003FFF0030 00003C (v01 VBOX   VBOXXSDT 00000001 ASL  00000061)
[    0.000000] ACPI: FACP 0x000000003FFF00F0 0000F4 (v04 VBOX   VBOXFACP 00000001 ASL  00000061)
[    0.000000] ACPI: DSDT 0x000000003FFF0470 002325 (v02 VBOX   VBOXBIOS 00000002 INTL 20100528)
[    0.000000] ACPI: FACS 0x000000003FFF0200 000040
[    0.000000] ACPI: FACS 0x000000003FFF0200 000040
[    0.000000] ACPI: APIC 0x000000003FFF0240 00005C (v02 VBOX   VBOXAPIC 00000001 ASL  00000061)
[    0.000000] ACPI: SSDT 0x000000003FFF02A0 0001CC (v01 VBOX   VBOXCPUT 00000002 INTL 20100528)
[    0.000000] ACPI: Reserving FACP table memory at [mem 0x3fff00f0-0x3fff01e3]
[    0.000000] ACPI: Reserving DSDT table memory at [mem 0x3fff0470-0x3fff2794]
[    0.000000] ACPI: Reserving FACS table memory at [mem 0x3fff0200-0x3fff023f]
[    0.000000] ACPI: Reserving FACS table memory at [mem 0x3fff0200-0x3fff023f]
[    0.000000] ACPI: Reserving APIC table memory at [mem 0x3fff0240-0x3fff029b]
[    0.000000] ACPI: Reserving SSDT table memory at [mem 0x3fff02a0-0x3fff046b]
[    0.000000] No NUMA configuration found
[    0.000000] Faking a node at [mem 0x0000000000000000-0x000000003ffeffff]
[    0.000000] NODE_DATA(0) allocated [mem 0x3ffc5000-0x3ffeffff]
[    0.000000] kvm-clock: cpu 0, msr 0:3ff44001, primary cpu clock
[    0.000000] kvm-clock: Using msrs 4b564d01 and 4b564d00
[    0.000000] kvm-clock: using sched offset of 3260628102 cycles
[    0.000000] clocksource: kvm-clock: mask: 0xffffffffffffffff max_cycles: 0x1cd42e4dffb, max_idle_ns: 881590591483 ns
[    0.000000] Zone ranges:
[    0.000000]   DMA      [mem 0x0000000000001000-0x0000000000ffffff]
[    0.000000]   DMA32    [mem 0x0000000001000000-0x000000003ffeffff]
[    0.000000]   Normal   empty
[    0.000000]   Device   empty
[    0.000000] Movable zone start for each node
[    0.000000] Early memory node ranges
[    0.000000]   node   0: [mem 0x0000000000001000-0x000000000009efff]
[    0.000000]   node   0: [mem 0x0000000000100000-0x000000003ffeffff]
[    0.000000] Reserved but unavailable: 104 pages
[    0.000000] Initmem setup node 0 [mem 0x0000000000001000-0x000000003ffeffff]
[    0.000000] ACPI: PM-Timer IO Port: 0x4008
[    0.000000] IOAPIC[0]: apic_id 2, version 32, address 0xfec00000, GSI 0-23
[    0.000000] ACPI: INT_SRC_OVR (bus 0 bus_irq 0 global_irq 2 dfl dfl)
[    0.000000] ACPI: INT_SRC_OVR (bus 0 bus_irq 9 global_irq 9 low level)
[    0.000000] Using ACPI (MADT) for SMP configuration information
[    0.000000] smpboot: Allowing 2 CPUs, 0 hotplug CPUs
[    0.000000] PM: Registered nosave memory: [mem 0x00000000-0x00000fff]
[    0.000000] PM: Registered nosave memory: [mem 0x0009f000-0x0009ffff]
[    0.000000] PM: Registered nosave memory: [mem 0x000a0000-0x000effff]
[    0.000000] PM: Registered nosave memory: [mem 0x000f0000-0x000fffff]
[    0.000000] e820: [mem 0x40000000-0xfebfffff] available for PCI devices
[    0.000000] Booting paravirtualized kernel on KVM
[    0.000000] clocksource: refined-jiffies: mask: 0xffffffff max_cycles: 0xffffffff, max_idle_ns: 7645519600211568 ns
[    0.000000] random: get_random_bytes called from start_kernel+0x99/0x500 with crng_init=0
[    0.000000] setup_percpu: NR_CPUS:8192 nr_cpumask_bits:2 nr_cpu_ids:2 nr_node_ids:1
[    0.000000] percpu: Embedded 50 pages/cpu s167936 r8192 d28672 u1048576
[    0.000000] PV qspinlock hash table entries: 256 (order: 0, 4096 bytes)
[    0.000000] Built 1 zonelists, mobility grouping on.  Total pages: 257913
[    0.000000] Policy zone: DMA32
[    0.000000] Kernel command line: BOOT_IMAGE=/boot/vmlinuz-4.15.0-167-generic root=LABEL=cloudimg-rootfs ro console=tty1 console=ttyS0
[    0.000000] Memory: 982644K/1048120K available (12300K kernel code, 2483K rwdata, 4324K rodata, 2476K init, 2724K bss, 65476K reserved, 0K cma-reserved)
[    0.000000] SLUB: HWalign=64, Order=0-3, MinObjects=0, CPUs=2, Nodes=1
[    0.000000] ftrace: allocating 39494 entries in 155 pages
[    0.004000] Hierarchical RCU implementation.
[    0.004000] 	RCU restricting CPUs from NR_CPUS=8192 to nr_cpu_ids=2.
[    0.004000] 	Tasks RCU enabled.
[    0.004000] RCU: Adjusting geometry for rcu_fanout_leaf=16, nr_cpu_ids=2
[    0.004000] NR_IRQS: 524544, nr_irqs: 440, preallocated irqs: 16
[    0.004000] Console: colour VGA+ 80x25
[    0.004000] console [tty1] enabled
[    0.004000] console [ttyS0] enabled
[    0.004000] ACPI: Core revision 20170831
[    0.004000] ACPI: 2 ACPI AML tables successfully acquired and loaded
[    0.004000] APIC: Switch to symmetric I/O mode setup
[    0.004000] ..TIMER: vector=0x30 apic1=0 pin1=2 apic2=-1 pin2=-1
[    0.004000] tsc: Detected 3686.398 MHz processor
[    0.004000] Calibrating delay loop (skipped) preset value.. 7372.79 BogoMIPS (lpj=14745592)
[    0.004000] pid_max: default: 32768 minimum: 301
[    0.004000] Security Framework initialized
[    0.004000] Yama: becoming mindful.
[    0.004000] AppArmor: AppArmor initialized
[    0.004000] Dentry cache hash table entries: 131072 (order: 8, 1048576 bytes)
[    0.004000] Inode-cache hash table entries: 65536 (order: 7, 524288 bytes)
[    0.004000] Mount-cache hash table entries: 2048 (order: 2, 16384 bytes)
[    0.004000] Mountpoint-cache hash table entries: 2048 (order: 2, 16384 bytes)
[    0.004471] Last level iTLB entries: 4KB 0, 2MB 0, 4MB 0
[    0.006389] Last level dTLB entries: 4KB 0, 2MB 0, 4MB 0, 1GB 0
[    0.008000] Spectre V1 : Mitigation: usercopy/swapgs barriers and __user pointer sanitization
[    0.008000] Spectre V2 : Mitigation: Enhanced IBRS
[    0.008000] Spectre V2 : Spectre v2 / SpectreRSB mitigation: Filling RSB on context switch
[    0.008000] Speculative Store Bypass: Vulnerable
[    0.008000] Freeing SMP alternatives memory: 36K
[    0.016000] APIC calibration not consistent with PM-Timer: 101ms instead of 100ms
[    0.016000] APIC delta adjusted to PM-Timer: 6276063 (6342900)
[    0.016000] smpboot: CPU0: 12th Gen Intel(R) Core(TM) i5-12600K (family: 0x6, model: 0x97, stepping: 0x2)
[    0.016000] Performance Events: unsupported p6 CPU model 151 no PMU driver, software events only.
[    0.016000] Hierarchical SRCU implementation.
[    0.016000] NMI watchdog: Perf event create on CPU 0 failed with -2
[    0.016000] NMI watchdog: Perf NMI watchdog permanently disabled
[    0.016000] smp: Bringing up secondary CPUs ...
[    0.016000] x86: Booting SMP configuration:
[    0.016000] .... node  #0, CPUs:      #1
[    0.004000] kvm-clock: cpu 1, msr 0:3ff44041, secondary cpu clock
[    0.020000] TSC synchronization [CPU#0 -> CPU#1]:
[    0.020000] Measured 83479 cycles TSC warp between CPUs, turning off TSC clock.
[    0.020000] tsc: Marking TSC unstable due to check_tsc_sync_source failed
[    0.020042] smp: Brought up 1 node, 2 CPUs
[    0.021480] smpboot: Max logical packages: 1
[    0.023234] smpboot: Total of 2 processors activated (14745.59 BogoMIPS)
[    0.024197] devtmpfs: initialized
[    0.025218] x86/mm: Memory block size: 128MB
[    0.026912] evm: security.selinux
[    0.028000] evm: security.SMACK64
[    0.028000] evm: security.SMACK64EXEC
[    0.028000] evm: security.SMACK64TRANSMUTE
[    0.028000] evm: security.SMACK64MMAP
[    0.028000] evm: security.apparmor
[    0.028000] evm: security.ima
[    0.028000] evm: security.capability
[    0.028208] clocksource: jiffies: mask: 0xffffffff max_cycles: 0xffffffff, max_idle_ns: 7645041785100000 ns
[    0.031352] futex hash table entries: 512 (order: 3, 32768 bytes)
[    0.032000] pinctrl core: initialized pinctrl subsystem
[    0.032000] RTC time: 10:42:24, date: 02/06/22
[    0.032000] NET: Registered protocol family 16
[    0.032000] audit: initializing netlink subsys (disabled)
[    0.032000] audit: type=2000 audit(1644144149.345:1): state=initialized audit_enabled=0 res=1
[    0.036050] cpuidle: using governor ladder
[    0.037441] cpuidle: using governor menu
[    0.038842] ACPI: bus type PCI registered
[    0.040000] acpiphp: ACPI Hot Plug PCI Controller Driver version: 0.5
[    0.040000] PCI: Using configuration type 1 for base access
[    0.040783] HugeTLB registered 2.00 MiB page size, pre-allocated 0 pages
[    0.044219] ACPI: Added _OSI(Module Device)
[    0.045661] ACPI: Added _OSI(Processor Device)
[    0.047198] ACPI: Added _OSI(3.0 _SCP Extensions)
[    0.048000] ACPI: Added _OSI(Processor Aggregator Device)
[    0.048000] ACPI: Added _OSI(Linux-Dell-Video)
[    0.048000] ACPI: Added _OSI(Linux-Lenovo-NV-HDMI-Audio)
[    0.048000] ACPI: Added _OSI(Linux-HPI-Hybrid-Graphics)
[    0.048280] ACPI: Executed 1 blocks of module-level executable AML code
[    0.052749] ACPI: Interpreter enabled
[    0.054026] ACPI: (supports S0 S5)
[    0.055284] ACPI: Using IOAPIC for interrupt routing
[    0.056127] PCI: Using host bridge windows from ACPI; if necessary, use "pci=nocrs" and report a bug
[    0.059228] ACPI: Enabled 2 GPEs in block 00 to 07
[    0.066035] ACPI: PCI Root Bridge [PCI0] (domain 0000 [bus 00-ff])
[    0.068000] acpi PNP0A03:00: _OSC: OS supports [ASPM ClockPM Segments MSI]
[    0.068273] acpi PNP0A03:00: _OSC: not requesting OS control; OS requires [ExtendedConfig ASPM ClockPM MSI]
[    0.071829] acpi PNP0A03:00: fail to add MMCONFIG information, can't access extended PCI configuration space under this bridge.
[    0.072280] PCI host bridge to bus 0000:00
[    0.073741] pci_bus 0000:00: root bus resource [io  0x0000-0x0cf7 window]
[    0.075977] pci_bus 0000:00: root bus resource [io  0x0d00-0xffff window]
[    0.076000] pci_bus 0000:00: root bus resource [mem 0x000a0000-0x000bffff window]
[    0.076000] pci_bus 0000:00: root bus resource [mem 0x40000000-0xfdffffff window]
[    0.076000] pci_bus 0000:00: root bus resource [bus 00-ff]
[    0.081886] pci 0000:00:01.1: legacy IDE quirk: reg 0x10: [io  0x01f0-0x01f7]
[    0.084000] pci 0000:00:01.1: legacy IDE quirk: reg 0x14: [io  0x03f6]
[    0.084000] pci 0000:00:01.1: legacy IDE quirk: reg 0x18: [io  0x0170-0x0177]
[    0.084000] pci 0000:00:01.1: legacy IDE quirk: reg 0x1c: [io  0x0376]
[    0.095270] pci 0000:00:07.0: quirk: [io  0x4000-0x403f] claimed by PIIX4 ACPI
[    0.096000] pci 0000:00:07.0: quirk: [io  0x4100-0x410f] claimed by PIIX4 SMB
[    0.098696] ACPI: PCI Interrupt Link [LNKA] (IRQs 5 9 10 *11)
[    0.100208] ACPI: PCI Interrupt Link [LNKB] (IRQs 5 9 *10 11)
[    0.102368] ACPI: PCI Interrupt Link [LNKC] (IRQs 5 *9 10 11)
[    0.104000] ACPI: PCI Interrupt Link [LNKD] (IRQs 5 9 10 *11)
[    0.104000] SCSI subsystem initialized
[    0.104102] pci 0000:00:02.0: vgaarb: setting as boot VGA device
[    0.106057] pci 0000:00:02.0: vgaarb: VGA device added: decodes=io+mem,owns=io+mem,locks=none
[    0.108000] pci 0000:00:02.0: vgaarb: bridge control possible
[    0.108000] vgaarb: loaded
[    0.108000] ACPI: bus type USB registered
[    0.108000] usbcore: registered new interface driver usbfs
[    0.108000] usbcore: registered new interface driver hub
[    0.108000] usbcore: registered new device driver usb
[    0.108103] EDAC MC: Ver: 3.0.0
[    0.109672] PCI: Using ACPI for IRQ routing
[    0.109833] NetLabel: Initializing
[    0.111053] NetLabel:  domain hash size = 128
[    0.112000] NetLabel:  protocols = UNLABELED CIPSOv4 CALIPSO
[    0.112000] NetLabel:  unlabeled traffic allowed by default
[    0.116123] clocksource: Switched to clocksource kvm-clock
[    0.127204] VFS: Disk quotas dquot_6.6.0
[    0.127204] VFS: Dquot-cache hash table entries: 512 (order 0, 4096 bytes)
[    0.127204] AppArmor: AppArmor Filesystem Enabled
[    0.127204] pnp: PnP ACPI init
[    0.127204] pnp: PnP ACPI: found 3 devices
[    0.159233] clocksource: acpi_pm: mask: 0xffffff max_cycles: 0xffffff, max_idle_ns: 2085701024 ns
[    0.160183] NET: Registered protocol family 2
[    0.160183] IP idents hash table entries: 16384 (order: 5, 131072 bytes)
[    0.166683] TCP established hash table entries: 8192 (order: 4, 65536 bytes)
[    0.169192] TCP bind hash table entries: 8192 (order: 5, 131072 bytes)
[    0.170528] TCP: Hash tables configured (established 8192 bind 8192)
[    0.170528] UDP hash table entries: 512 (order: 2, 16384 bytes)
[    0.170528] UDP-Lite hash table entries: 512 (order: 2, 16384 bytes)
[    0.170528] NET: Registered protocol family 1
[    0.170528] pci 0000:00:00.0: Limiting direct PCI/PCI transfers
[    0.170528] pci 0000:00:01.0: Activating ISA DMA hang workarounds
[    0.170528] pci 0000:00:02.0: Video device with shadowed ROM at [mem 0x000c0000-0x000dffff]
[    0.170528] Unpacking initramfs...
[    0.305707] Freeing initrd memory: 19524K
[    0.305707] clocksource: tsc: mask: 0xffffffffffffffff max_cycles: 0x6a464827a2b, max_idle_ns: 881590616020 ns
[    0.305707] platform rtc_cmos: registered platform RTC device (no PNP device found)
[    0.305707] Scanning for low memory corruption every 60 seconds
[    0.432352] Initialise system trusted keyrings
[    0.433995] Key type blacklist registered
[    0.435629] workingset: timestamp_bits=36 max_order=18 bucket_order=0
[    0.438378] zbud: loaded
[    0.439819] squashfs: version 4.0 (2009/01/31) Phillip Lougher
[    0.442085] fuse init (API version 7.26)
[    0.450133] Key type asymmetric registered
[    0.451580] Asymmetric key parser 'x509' registered
[    0.453235] Block layer SCSI generic (bsg) driver version 0.4 loaded (major 246)
[    0.455813] io scheduler noop registered
[    0.457228] io scheduler deadline registered
[    0.458659] io scheduler cfq registered (default)
[    0.460496] ACPI: AC Adapter [AC] (on-line)
[    0.461941] input: Power Button as /devices/LNXSYSTM:00/LNXPWRBN:00/input/input0
[    0.464685] ACPI: Power Button [PWRF]
[    0.466003] input: Sleep Button as /devices/LNXSYSTM:00/LNXSLPBN:00/input/input1
[    0.468501] ACPI: Sleep Button [SLPF]
[    0.470564] Serial: 8250/16550 driver, 32 ports, IRQ sharing enabled
[    0.495664] 00:02: ttyS0 at I/O 0x3f8 (irq = 4, base_baud = 115200) is a 16550A
[    0.504376] Linux agpgart interface v0.103
[    0.508828] loop: module loaded
[    0.511138] scsi host0: ata_piix
[    0.513010] scsi host1: ata_piix
[    0.514227] ata1: PATA max UDMA/33 cmd 0x1f0 ctl 0x3f6 bmdma 0xd000 irq 14
[    0.516630] ata2: PATA max UDMA/33 cmd 0x170 ctl 0x376 bmdma 0xd008 irq 15
[    0.516966] libphy: Fixed MDIO Bus: probed
[    0.516966] tun: Universal TUN/TAP device driver, 1.6
[    0.522661] PPP generic driver version 2.4.2
[    0.524516] ehci_hcd: USB 2.0 'Enhanced' Host Controller (EHCI) Driver
[    0.526759] ehci-pci: EHCI PCI platform driver
[    0.528400] ehci-platform: EHCI generic platform driver
[    0.528400] ohci_hcd: USB 1.1 'Open' Host Controller (OHCI) Driver
[    0.528400] ohci-pci: OHCI PCI platform driver
[    0.528400] ohci-platform: OHCI generic platform driver
[    0.528400] uhci_hcd: USB Universal Host Controller Interface driver
[    0.528400] i8042: PNP: PS/2 Controller [PNP0303:PS2K,PNP0f03:PS2M] at 0x60,0x64 irq 1,12
[    0.542657] serio: i8042 KBD port at 0x60,0x64 irq 1
[    0.544709] serio: i8042 AUX port at 0x60,0x64 irq 12
[    0.547116] mousedev: PS/2 mouse device common for all mice
[    0.550963] rtc_cmos rtc_cmos: rtc core: registered rtc_cmos as rtc0
[    0.553558] rtc_cmos rtc_cmos: alarms up to one day, 114 bytes nvram
[    0.554913] i2c /dev entries driver
[    0.554913] device-mapper: uevent: version 1.0.3
[    0.558995] device-mapper: ioctl: 4.37.0-ioctl (2017-09-20) initialised: dm-devel@redhat.com
[    0.562095] ledtrig-cpu: registered to indicate activity on CPUs
[    0.564848] input: AT Translated Set 2 keyboard as /devices/platform/i8042/serio0/input/input2
[    0.568296] NET: Registered protocol family 10
[    0.574110] Segment Routing with IPv6
[    0.575361] NET: Registered protocol family 17
[    0.577112] Key type dns_resolver registered
[    0.579227] mce: Using 0 MCE banks
[    0.580564] RAS: Correctable Errors collector initialized.
[    0.582356] sched_clock: Marking stable (579214498, 0)->(1075261342, -496046844)
[    0.586220] registered taskstats version 1
[    0.587586] Loading compiled-in X.509 certificates
[    0.591077] Loaded X.509 cert 'Build time autogenerated kernel key: 51c91b167e8daada285dd448a981da05683ebd03'
[    0.594515] Loaded X.509 cert 'Canonical Ltd. Live Patch Signing: 14df34d1a87cf37625abec039ef2bf521249b969'
[    0.598007] Loaded X.509 cert 'Canonical Ltd. Kernel Module Signing: 88f752e560a1e0737e31163a466ad7b70a850c19'
[    0.601260] blacklist: Loading compiled-in revocation X.509 certificates
[    0.603544] Loaded X.509 cert 'Canonical Ltd. Secure Boot Signing: 61482aa2830d0ab2ad5af10b7250da9033ddcef0'
[    0.606997] zswap: loaded using pool lzo/zbud
[    0.612070] Key type big_key registered
[    0.613556] Key type trusted registered
[    0.616439] Key type encrypted registered
[    0.617946] AppArmor: AppArmor sha1 policy hashing enabled
[    0.619901] ima: No TPM chip found, activating TPM-bypass! (rc=-19)
[    0.622200] ima: Allocated hash algorithm: sha1
[    0.623888] evm: HMAC attrs: 0x1
[    0.625407]   Magic number: 10:169:729
[    0.627150] rtc_cmos rtc_cmos: setting system clock to 2022-02-06 10:42:25 UTC (1644144145)
[    0.630242] BIOS EDD facility v0.16 2004-Jun-25, 0 devices found
[    0.632484] EDD information not available.
[    0.710381] Freeing unused kernel image memory: 2476K
[    0.724379] Write protecting the kernel read-only data: 20480k
[    0.727044] Freeing unused kernel image memory: 2008K
[    0.729123] Freeing unused kernel image memory: 1820K
[    0.733795] x86/mm: Checked W+X mappings: passed, no W+X pages found.
Loading, please wait...
starting version 237
[    0.789283] e1000: Intel(R) PRO/1000 Network Driver - version 7.3.21-k8-NAPI
[    0.791774] e1000: Copyright (c) 1999-2006 Intel Corporation.
[    0.796163] Fusion MPT base driver 3.04.20
[    0.797853] Copyright (c) 1999-2008 LSI Corporation
[    1.288044] Fusion MPT SPI Host driver 3.04.20
[    1.673305] e1000 0000:00:03.0 eth0: (PCI:33MHz:32-bit) 02:e8:64:37:14:18
[    1.675562] e1000 0000:00:03.0 eth0: Intel(R) PRO/1000 Network Connection
[    1.678721] mptbase: ioc0: Initiating bringup
[    1.678799] e1000 0000:00:03.0 enp0s3: renamed from eth0
[    1.793969] ioc0: LSI53C1030 A0: Capabilities={Initiator}
[    1.887416] input: ImExPS/2 Generic Explorer Mouse as /devices/platform/i8042/serio1/input/input4
[    2.296648] scsi host2: ioc0: LSI53C1030 A0, FwRev=00000000h, Ports=1, MaxQ=256, IRQ=20
[    2.567101] scsi 2:0:0:0: Direct-Access     VBOX     HARDDISK         1.0  PQ: 0 ANSI: 5
[    2.608225] scsi target2:0:0: Beginning Domain Validation
[    2.622600] scsi target2:0:0: Domain Validation skipping write tests
[    2.629959] scsi target2:0:0: Ending Domain Validation
[    2.636207] scsi target2:0:0: asynchronous
[    2.643600] scsi 2:0:1:0: Direct-Access     VBOX     HARDDISK         1.0  PQ: 0 ANSI: 5
[    2.680148] scsi target2:0:1: Beginning Domain Validation
[    2.686114] scsi target2:0:1: Domain Validation skipping write tests
[    2.688441] scsi target2:0:1: Ending Domain Validation
[    2.690524] scsi target2:0:1: asynchronous
[    2.696735] random: fast init done
[    2.699304] sd 2:0:0:0: Attached scsi generic sg0 type 0
[    2.699604] random: systemd-udevd: uninitialized urandom read (16 bytes read)
[    2.701605] sd 2:0:1:0: Attached scsi generic sg1 type 0
[    2.703944] random: systemd-udevd: uninitialized urandom read (16 bytes read)
[    2.708611] random: systemd-udevd: uninitialized urandom read (16 bytes read)
[    2.711453] sd 2:0:0:0: [sda] 83886080 512-byte logical blocks: (42.9 GB/40.0 GiB)
[    2.714249] sd 2:0:0:0: [sda] Write Protect is off
[    2.716301] sd 2:0:0:0: [sda] Incomplete mode parameter data
[    2.716325] sd 2:0:1:0: [sdb] 20480 512-byte logical blocks: (10.5 MB/10.0 MiB)
[    2.718304] sd 2:0:0:0: [sda] Assuming drive cache: write through
[    2.723603] sd 2:0:1:0: [sdb] Write Protect is off
[    2.725992] sd 2:0:1:0: [sdb] Incomplete mode parameter data
[    2.728109] sd 2:0:1:0: [sdb] Assuming drive cache: write through
[    2.738311]  sda: sda1
[    2.740870] sd 2:0:0:0: [sda] Attached SCSI disk
[    2.743176] sd 2:0:1:0: [sdb] Attached SCSI disk
Begin: Loading essential drivers ... [    5.272364] raid6: sse2x1   gen() 530361 MB/s
[    7.268878] raid6: sse2x1   xor() 362658 MB/s
[    9.268296] raid6: sse2x2   gen() 693328 MB/s
[    9.330432] raid6: sse2x2   xor() 21117 MB/s
[    9.390845] raid6: sse2x4   gen() 37942 MB/s
[    9.452857] raid6: sse2x4   xor()  7133 MB/s
[    9.454531] raid6: using algorithm sse2x2 gen() 693328 MB/s
[    9.456624] raid6: .... xor() 21117 MB/s, rmw enabled
[    9.458645] raid6: using ssse3x2 recovery algorithm
[    9.462965] xor: measuring software checksum speed
[   11.284041]    prefetch64-sse: 337985.408 MB/sec
[   13.276102]    generic_sse: -355692.-592 MB/sec
[   13.277761] xor: using function: prefetch64-sse (337985.408 MB/sec)
[   13.281587] async_tx: api initialized (async)
done.
Begin: Running /scripts/init-premount ... done.
Begin: Mounting root file system ... Begin: Running /scripts/local-top ... done.
Begin: Running /scripts/local-premount ... [   13.316910] Btrfs loaded, crc32c=crc32c-intel
Scanning for Btrfs filesystems
done.
Warning: fsck not present, so skipping root file system
[   13.353177] EXT4-fs (sda1): INFO: recovery required on readonly filesystem
[   13.355710] EXT4-fs (sda1): write access will be enabled during recovery
[   13.585635] EXT4-fs (sda1): recovery complete
[   13.587715] EXT4-fs (sda1): mounted filesystem with ordered data mode. Opts: (null)
done.
Begin: Running /scripts/local-bottom ... done.
Begin: Running /scripts/init-bottom ... done.
[   13.725591] ip_tables: (C) 2000-2006 Netfilter Core Team
[   13.733010] systemd[1]: systemd 237 running in system mode. (+PAM +AUDIT +SELINUX +IMA +APPARMOR +SMACK +SYSVINIT +UTMP +LIBCRYPTSETUP +GCRYPT +GNUTLS +ACL +XZ +LZ4 +SECCOMP +BLKID +ELFUTILS +KMOD -IDN2 +IDN -PCRE2 default-hierarchy=hybrid)
[   13.740181] systemd[1]: Detected virtualization oracle.
[   13.742193] systemd[1]: Detected architecture x86-64.

Welcome to [1mUbuntu 18.04.6 LTS[0m!

[   13.758032] systemd[1]: Set hostname to <ubuntu-bionic>.
[   13.991347] systemd[1]: Created slice System Slice.
[[0;32m  OK  [0m] Created slice System Slice.
[   13.994102] systemd[1]: Created slice system-serial\x2dgetty.slice.
[[0;32m  OK  [0m] Created slice system-serial\x2dgetty.slice.
[   13.997407] systemd[1]: Listening on Journal Socket.
[[0;32m  OK  [0m] Listening on Journal Socket.
[   14.000418] systemd[1]: Starting Uncomplicated firewall...
         Starting Uncomplicated firewall...
[   14.004526] systemd[1]: Starting Load Kernel Modules...
         Starting Load Kernel Modules...
[   14.007068] systemd[1]: Listening on udev Control Socket.
[[0;32m  OK  [0m] Listening on udev Control Socket.
[[0;32m  OK  [0m] Created slice User and Session Slice.
         Mounting Huge Pages File System...
[[0;32m  OK  [0m] Listening on /dev/initctl Compatibility Named Pipe.
[[0;32m  OK  [0m] Reached target User and Group Name Lookups.
[[0;32m  OK  [0m] Listening on udev Kernel Socket.
         Starting udev Coldplug all Devices...
[[0;32m  OK  [0m] Listening on Syslog Socket.
         Mounting Kernel Debug File System...
[   14.019766] Loading iSCSI transport class v2.0-870.
[[0;32m  OK  [0m] Set up automount Arbitrary Executab…rmats File System Automount Point.
[[0;32m  OK  [0m] Reached target Swap.
[[0;32m  OK  [0m] Listening on fsck to fsckd communication Socket.
         Starting File System Check on Root Device...
         Starting Set the console keyboard layout...
[[0;32m  OK  [0m] Listening on Device-mapper event daemon FIFOs.
[[0;32m  OK  [0m] Listening on Network Service Netlink Socket.
[[0;32m  OK  [0m] Listening on Journal Audit Socket.
[[0;32m  OK  [0m] Reached target Slices.
[[0;32m  OK  [0m] Listening on LVM2 poll daemon socket.
         Starting Create list of required st…ce nodes for the current kernel...
[   14.047824] iscsi: registered transport (tcp)
[   14.060107] iscsi: registered transport (iser)
         Mounting POSIX Message Queue File System...
[[0;32m  OK  [0m] Started Forward Password Requests to Wall Directory Watch.
[[0;32m  OK  [0m] Reached target System Time Synchronized.
[[0;32m  OK  [0m] Listening on LVM2 metadata daemon socket.
         Starting Monitoring of LVM2 mirrors…ng dmeventd or progress polling...
[[0;32m  OK  [0m] Listening on Journal Socket (/dev/log).
         Starting Journal Service...
[[0;32m  OK  [0m] Started Uncomplicated firewall.
[[0;32m  OK  [0m] Started Load Kernel Modules.
[[0;32m  OK  [0m] Mounted Huge Pages File System.
[[0;32m  OK  [0m] Mounted Kernel Debug File System.
[[0;32m  OK  [0m] Started Create list of required sta…vice nodes for the current kernel.
[[0;32m  OK  [0m] Mounted POSIX Message Queue File System.
[[0;32m  OK  [0m] Started udev Coldplug all Devices.
[[0;32m  OK  [0m] Started File System Check Daemon to report status.
         Starting Create Static Device Nodes in /dev...
         Mounting FUSE Control File System...
         Starting Apply Kernel Variables...
         Mounting Kernel Configuration File System...
[[0;32m  OK  [0m] Mounted Kernel Configuration File System.
[[0;32m  OK  [0m] Mounted FUSE Control File System.
[[0;32m  OK  [0m] Started File System Check on Root Device.
         Starting Remount Root and Kernel File Systems...
[[0;32m  OK  [0m] Started Create Static Device Nodes in /dev.
[[0;32m  OK  [0m] Started Journal Service.
[[0;32m  OK  [0m] Started LVM2 metadata daemon.
[[0;32m  OK  [0m] Started Apply Kernel Variables.
[[0;32m  OK  [0m] Started Remount Root and Kernel File Systems.
         Starting udev Kernel Device Manager...
         Starting Load/Save Random Seed...
         Starting Flush Journal to Persistent Storage...
[[0;32m  OK  [0m] Started Monitoring of LVM2 mirrors,…sing dmeventd or progress polling.
[[0;32m  OK  [0m] Started Load/Save Random Seed.
[[0;32m  OK  [0m] Started udev Kernel Device Manager.
[[0;32m  OK  [0m] Found device /dev/ttyS0.
[[0;32m  OK  [0m] Started Flush Journal to Persistent Storage.
[[0;32m  OK  [0m] Listening on Load/Save RF Kill Switch Status /dev/rfkill Watch.
[[0;32m  OK  [0m] Started Set the console keyboard layout.
[[0;32m  OK  [0m] Started Dispatch Password Requests to Console Directory Watch.
[[0;32m  OK  [0m] Reached target Local Encrypted Volumes.
[[0;32m  OK  [0m] Reached target Local File Systems (Pre).
[[0;32m  OK  [0m] Reached target Local File Systems.
         Starting Create Volatile Files and Directories...
         Starting Set console font and keymap...
         Starting Tell Plymouth To Write Out Runtime Data...
         Starting ebtables ruleset management...
         Starting AppArmor initialization...
[[0;32m  OK  [0m] Started Create Volatile Files and Directories.
         Starting Update UTMP about System Boot/Shutdown...
[[0;32m  OK  [0m] Started Set console font and keymap.
[[0;32m  OK  [0m] Started Tell Plymouth To Write Out Runtime Data.
[[0;32m  OK  [0m] Started Update UTMP about System Boot/Shutdown.
[[0;32m  OK  [0m] Started ebtables ruleset management.
[[0;32m  OK  [0m] Started AppArmor initialization.
         Starting Initial cloud-init job (pre-networking)...
         Starting Load AppArmor profiles managed internally by snapd...
[[0;32m  OK  [0m] Started Load AppArmor profiles managed internally by snapd.
[   16.022411] cloud-init[599]: Cloud-init v. 21.4-0ubuntu1~18.04.1 running 'init-local' at Sun, 06 Feb 2022 10:42:40 +0000. Up 15.90 seconds.
[[0;32m  OK  [0m] Started Initial cloud-init job (pre-networking).
[[0;32m  OK  [0m] Reached target Network (Pre).
         Starting Network Service...
[[0;32m  OK  [0m] Started Network Service.
         Starting Network Name Resolution...
         Starting Wait for Network to be Configured...
[[0;32m  OK  [0m] Started Network Name Resolution.
[[0;32m  OK  [0m] Reached target Network.
[[0;32m  OK  [0m] Reached target Host and Network Name Lookups.
[[0;32m  OK  [0m] Started Wait for Network to be Configured.
         Starting Initial cloud-init job (metadata service crawler)...
[   18.074822] cloud-init[707]: Cloud-init v. 21.4-0ubuntu1~18.04.1 running 'init' at Sun, 06 Feb 2022 10:42:42 +0000. Up 18.01 seconds.
[   18.076499] cloud-init[707]: ci-info: ++++++++++++++++++++++++++++++++++++++Net device info++++++++++++++++++++++++++++++++++++++
[   18.078467] cloud-init[707]: ci-info: +--------+------+----------------------------+---------------+--------+-------------------+
[   18.080094] cloud-init[707]: ci-info: | Device |  Up  |          Address           |      Mask     | Scope  |     Hw-Address    |
[   18.082167] cloud-init[707]: ci-info: +--------+------+----------------------------+---------------+--------+-------------------+
[   18.083625] cloud-init[707]: ci-info: | enp0s3 | True |         10.0.2.15          | 255.255.255.0 | global | 02:e8:64:37:14:18 |
[   18.085759] cloud-init[707]: ci-info: | enp0s3 | True | fe80::e8:64ff:fe37:1418/64 |       .       |  link  | 02:e8:64:37:14:18 |
[   18.087368] cloud-init[707]: ci-info: |   lo   | True |         127.0.0.1          |   255.0.0.0   |  host  |         .         |
[   18.088979] cloud-init[707]: ci-info: |   lo   | True |          ::1/128           |       .       |  host  |         .         |
[   18.090489] cloud-init[707]: ci-info: +--------+------+----------------------------+---------------+--------+-------------------+
[   18.092211] cloud-init[707]: ci-info: ++++++++++++++++++++++++++++Route IPv4 info+++++++++++++++++++++++++++++
[   18.093600] cloud-init[707]: ci-info: +-------+-------------+----------+-----------------+-----------+-------+
[   18.094873] cloud-init[707]: ci-info: | Route | Destination | Gateway  |     Genmask     | Interface | Flags |
[   18.096204] cloud-init[707]: ci-info: +-------+-------------+----------+-----------------+-----------+-------+
[   18.097736] cloud-init[707]: ci-info: |   0   |   0.0.0.0   | 10.0.2.2 |     0.0.0.0     |   enp0s3  |   UG  |
[   18.099197] cloud-init[707]: ci-info: |   1   |   10.0.2.0  | 0.0.0.0  |  255.255.255.0  |   enp0s3  |   U   |
[   18.100886] cloud-init[707]: ci-info: |   2   |   10.0.2.2  | 0.0.0.0  | 255.255.255.255 |   enp0s3  |   UH  |
[   18.102139] cloud-init[707]: ci-info: +-------+-------------+----------+-----------------+-----------+-------+
[   18.103471] cloud-init[707]: ci-info: +++++++++++++++++++Route IPv6 info+++++++++++++++++++
[   18.104607] cloud-init[707]: ci-info: +-------+-------------+---------+-----------+-------+
[   18.105681] cloud-init[707]: ci-info: | Route | Destination | Gateway | Interface | Flags |
[   18.106771] cloud-init[707]: ci-info: +-------+-------------+---------+-----------+-------+
[   18.107820] cloud-init[707]: ci-info: |   1   |  fe80::/64  |    ::   |   enp0s3  |   U   |
[   18.110504] cloud-init[707]: ci-info: |   3   |    local    |    ::   |   enp0s3  |   U   |
[   18.111584] cloud-init[707]: ci-info: |   4   |   ff00::/8  |    ::   |   enp0s3  |   U   |
[   18.112832] cloud-init[707]: ci-info: +-------+-------------+---------+-----------+-------+
[[0;32m  OK  [0m] Started Initial cloud-init job (metadata service crawler).
[[0;32m  OK  [0m] Reached target System Initialization.
[[0;32m  OK  [0m] Started Discard unused blocks once a week.
[[0;32m  OK  [0m] Listening on UUID daemon activation socket.
[[0;32m  OK  [0m] Listening on Open-iSCSI iscsid Socket.
[[0;32m  OK  [0m] Started Daily apt upgrade and clean activities.
[[0;32m  OK  [0m] Started Ubuntu Advantage Timer for running repeated jobs.
[[0;32m  OK  [0m] Listening on ACPID Listen Socket.
         Starting Socket activation for snappy daemon.
[[0;32m  OK  [0m] Started ACPI Events Check.
[[0;32m  OK  [0m] Listening on cloud-init hotplug hook socket.
[[0;32m  OK  [0m] Started Trigger to poll for Ubuntu …(Only enabled on GCP LTS non-pro).
[[0;32m  OK  [0m] Reached target Paths.
[[0;32m  OK  [0m] Started Message of the Day.
[[0;32m  OK  [0m] Listening on D-Bus System Message Bus Socket.
[[0;32m  OK  [0m] Started Daily Cleanup of Temporary Directories.
[[0;32m  OK  [0m] Reached target Timers.
         Starting LXD - unix socket.
[[0;32m  OK  [0m] Reached target Cloud-config availability.
[[0;32m  OK  [0m] Reached target Network is Online.
[[0;32m  OK  [0m] Reached target Remote File Systems (Pre).
         Starting Availability of block devices...
         Mounting /vagrant...
[[0;32m  OK  [0m] Listening on Socket activation for snappy daemon.
[[0;32m  OK  [0m] Listening on LXD - unix socket.
[[0;32m  OK  [0m] Reached target Sockets.
[[0;32m  OK  [0m] Reached target Basic System.
         Starting Dispatcher daemon for systemd-networkd...
         Starting LXD - container startup/shutdown...
         Starting Login Service...
[[0;32m  OK  [0m] Started D-Bus System Message Bus.
         Starting Daily apt upgrade and clean activities...
[[0;32m  OK  [0m] Started Deferred execution scheduler.
         Starting Accounts Service...
[[0;32m  OK  [0m] Started Regular background program processing daemon.
         Starting System Logging Service...
[[0;32m  OK  [0m] Started FUSE filesystem for LXC.
         Starting OpenBSD Secure Shell server...
         Starting Virtualbox guest utils...
         Starting LSB: Record successful boot for GRUB...
[[0;32m  OK  [0m] Started irqbalance daemon.
         Starting Message of the Day...
         Starting Snap Daemon...
[[0;32m  OK  [0m] Started Availability of block devices.
[[0;32m  OK  [0m] Mounted /vagrant.
[[0;32m  OK  [0m] Reached target Remote File Systems.
         Starting LSB: automatic crash report generation...
         Starting Permit User Sessions...
[[0;32m  OK  [0m] Started Login Service.
[[0;32m  OK  [0m] Started Unattended Upgrades Shutdown.
[[0;32m  OK  [0m] Started System Logging Service.
[[0;32m  OK  [0m] Started Permit User Sessions.
         Starting Terminate Plymouth Boot Screen...
         Starting Hold until boot process finishes up...
[[0;32m  OK  [0m] Started Hold until boot process finishes up.
[[0;32m  OK  [0m] Started Terminate Plymouth Boot Screen.
[[0;32m  OK  [0m] Started Serial Getty on ttyS0.
         Starting Set console scheme...
[[0;32m  OK  [0m] Started Set console scheme.
[[0;32m  OK  [0m] Created slice system-getty.slice.
[[0;32m  OK  [0m] Started Getty on tty1.
[[0;32m  OK  [0m] Reached target Login Prompts.
         Starting Authorization Manager...
[[0;32m  OK  [0m] Started OpenBSD Secure Shell server.
[[0;32m  OK  [0m] Started LSB: automatic crash report generation.
[[0;32m  OK  [0m] Started Virtualbox guest utils.
[[0;32m  OK  [0m] Started LSB: Record successful boot for GRUB.
[[0;32m  OK  [0m] Started Authorization Manager.
[[0;32m  OK  [0m] Started Accounts Service.
[[0;32m  OK  [0m] Started LXD - container startup/shutdown.
[[0;32m  OK  [0m] Created slice User Slice of vagrant.
[[0;32m  OK  [0m] Started Dispatcher daemon for systemd-networkd.
[[0;32m  OK  [0m] Started Session 1 of user vagrant.
         Starting User Manager for UID 1000...
[[0;32m  OK  [0m] Started User Manager for UID 1000.
[[0;32m  OK  [0m] Started Snap Daemon.
         Starting Wait until snapd is fully seeded...
[[0;32m  OK  [0m] Started Wait until snapd is fully seeded.
         Starting Apply the settings specified in cloud-config...
[[0;32m  OK  [0m] Reached target Multi-User System.
[[0;32m  OK  [0m] Reached target Graphical Interface.
         Starting Update UTMP about System Runlevel Changes...
[[0;32m  OK  [0m] Started Update UTMP about System Runlevel Changes.
[[0;32m  OK  [0m] Started Daily apt upgrade and clean activities.
[   21.370410] cloud-init[1482]: Cloud-init v. 21.4-0ubuntu1~18.04.1 running 'modules:config' at Sun, 06 Feb 2022 10:42:46 +0000. Up 21.32 seconds.
[[0;32m  OK  [0m] Started Apply the settings specified in cloud-config.
         Starting Execute cloud user/final scripts...
[   21.655177] cloud-init[1547]: Cloud-init v. 21.4-0ubuntu1~18.04.1 running 'modules:final' at Sun, 06 Feb 2022 10:42:46 +0000. Up 21.59 seconds.
[   21.682705] cloud-init[1547]: Cloud-init v. 21.4-0ubuntu1~18.04.1 finished at Sun, 06 Feb 2022 10:42:46 +0000. Datasource DataSourceNoCloud [seed=/dev/sdb][dsmode=net].  Up 21.65 seconds
[[0;32m  OK  [0m] Started Execute cloud user/final scripts.
[[0;32m  OK  [0m] Reached target Cloud-init target.
[[0;32m  OK  [0m] Started Message of the Day.

Ubuntu 18.04.6 LTS ubuntu-bionic ttyS0

ubuntu-bionic login: 